d:\dev\brickgame\opengl\x64\debug\vc143.pdb
d:\dev\brickgame\opengl\x64\debug\vc143.idb
d:\dev\brickgame\opengl\x64\debug\stb_image.obj
d:\dev\brickgame\opengl\x64\debug\vertex_array.obj
d:\dev\brickgame\opengl\x64\debug\time.obj
d:\dev\brickgame\opengl\x64\debug\texture.obj
d:\dev\brickgame\opengl\x64\debug\shader.obj
d:\dev\brickgame\opengl\x64\debug\render_state.obj
d:\dev\brickgame\opengl\x64\debug\plane.obj
d:\dev\brickgame\opengl\x64\debug\main.obj
d:\dev\brickgame\opengl\x64\debug\input.obj
d:\dev\brickgame\opengl\x64\debug\gl_buffer_objects.obj
d:\dev\brickgame\opengl\x64\debug\cube_list.obj
d:\dev\brickgame\opengl\x64\debug\cube.obj
d:\dev\brickgame\opengl\x64\debug\camera.obj
d:\dev\brickgame\opengl\x64\debug\glad.obj
d:\dev\brickgame\opengl\x64\debug\opengl.ilk
d:\dev\brickgame\x64\debug\opengl.exe
d:\dev\brickgame\x64\debug\opengl.pdb
d:\dev\brickgame\opengl\x64\debug\opengl.tlog\cl.command.1.tlog
d:\dev\brickgame\opengl\x64\debug\opengl.tlog\cl.read.1.tlog
d:\dev\brickgame\opengl\x64\debug\opengl.tlog\cl.write.1.tlog
d:\dev\brickgame\opengl\x64\debug\opengl.tlog\link.command.1.tlog
d:\dev\brickgame\opengl\x64\debug\opengl.tlog\link.read.1.tlog
d:\dev\brickgame\opengl\x64\debug\opengl.tlog\link.write.1.tlog
